{
  "RSpec": {
    "coverage": {
      "/Users/ianlyell/turing_work/2mod/projects/computer_stores/app/helpers/application_helper.rb": {
        "lines": [
          1,
          null
        ]
      },
      "/Users/ianlyell/turing_work/2mod/projects/computer_stores/app/models/computer_store.rb": {
        "lines": [
          1,
          1,
          null
        ]
      },
      "/Users/ianlyell/turing_work/2mod/projects/computer_stores/app/models/application_record.rb": {
        "lines": [
          1,
          1,
          null
        ]
      },
      "/Users/ianlyell/turing_work/2mod/projects/computer_stores/app/controllers/computer_stores_controller.rb": {
        "lines": [
          1,
          1,
          1,
          null,
          null,
          1,
          3,
          null,
          null
        ]
      },
      "/Users/ianlyell/turing_work/2mod/projects/computer_stores/app/controllers/application_controller.rb": {
        "lines": [
          1,
          null
        ]
      },
      "/Users/ianlyell/turing_work/2mod/projects/computer_stores/app/channels/application_cable/channel.rb": {
        "lines": [
          0,
          0,
          0,
          0
        ],
        "branches": {
        }
      },
      "/Users/ianlyell/turing_work/2mod/projects/computer_stores/app/channels/application_cable/connection.rb": {
        "lines": [
          0,
          0,
          0,
          0
        ],
        "branches": {
        }
      },
      "/Users/ianlyell/turing_work/2mod/projects/computer_stores/app/jobs/application_job.rb": {
        "lines": [
          0,
          null,
          null,
          null,
          null,
          null,
          0
        ],
        "branches": {
        }
      },
      "/Users/ianlyell/turing_work/2mod/projects/computer_stores/app/mailers/application_mailer.rb": {
        "lines": [
          0,
          0,
          0,
          0
        ],
        "branches": {
        }
      },
      "/Users/ianlyell/turing_work/2mod/projects/computer_stores/app/models/computer.rb": {
        "lines": [
          0,
          0,
          0
        ],
        "branches": {
        }
      }
    },
    "timestamp": 1688681124
  }
}
